<?xml version="1.0" encoding="UTF-8"?>
<!-- Generated by org.testng.reporters.JUnitXMLReporter -->
<testsuite ignored="4" hostname="DESKTOP-2HP8E8B" failures="0" tests="36" name="TestDemo" time="348.282" errors="0" timestamp="2023-08-28T12:51:40 IST">
  <testcase classname="POM.RegistrationPage" name="Test2" time="214.748"/>
  <testcase classname="POM.RegistrationPage" name="Test3" time="3.998"/>
  <testcase classname="POM.RegistrationPage" name="Test3" time="2.893"/>
  <testcase classname="POM.RegistrationPage" name="Test3" time="2.516"/>
  <testcase classname="POM.RegistrationPage" name="Test4" time="2.673"/>
  <testcase classname="POM.RegistrationPage" name="Test4" time="2.945"/>
  <testcase classname="POM.RegistrationPage" name="Test4" time="3.036"/>
  <testcase classname="POM.RegistrationPage" name="Test4" time="3.287"/>
  <testcase classname="POM.RegistrationPage" name="Test4" time="3.203"/>
  <testcase classname="POM.RegistrationPage" name="Test4" time="3.254"/>
  <testcase classname="POM.RegistrationPage" name="Test5" time="2.929"/>
  <testcase classname="POM.RegistrationPage" name="Test5" time="3.085"/>
  <testcase classname="POM.RegistrationPage" name="Test5" time="2.754"/>
  <testcase classname="POM.RegistrationPage" name="Test6" time="1.074">
    <skipped/>
  </testcase> <!-- Test6 -->
  <testcase classname="POM.RegistrationPage" name="Test7" time="2.579"/>
  <testcase classname="POM.RegistrationPage" name="Test8" time="3.951"/>
  <testcase classname="POM.RegistrationPage" name="Test_19" time="2.541"/>
  <testcase classname="POM.RegistrationPage" name="Test9" time="2.58"/>
  <testcase classname="POM.RegistrationPage" name="Test10" time="3.562"/>
  <testcase classname="POM.RegistrationPage" name="Test11" time="3.013"/>
  <testcase classname="POM.RegistrationPage" name="Test11" time="2.908"/>
  <testcase classname="POM.RegistrationPage" name="Test12" time="2.012"/>
  <testcase classname="POM.LoginPage" name="Test13" time="5.168"/>
  <testcase classname="POM.LoginPage" name="Test13" time="5.169"/>
  <testcase classname="POM.LoginPage" name="Test13" time="4.906"/>
  <testcase classname="POM.LoginPage" name="Test13" time="4.846"/>
  <testcase classname="POM.LoginPage" name="Test13" time="4.99"/>
  <testcase classname="POM.LoginPage" name="Test13" time="5.076"/>
  <testcase classname="POM.LoginPage" name="Test14" time="17.401"/>
  <testcase classname="POM.LoginPage" name="Test15" time="2.061">
    <skipped/>
  </testcase> <!-- Test15 -->
  <testcase classname="POM.LoginPage" name="Test16" time="2.056">
    <skipped/>
  </testcase> <!-- Test16 -->
  <testcase classname="POM.LoginPage" name="Test16" time="2.047">
    <skipped/>
  </testcase> <!-- Test16 -->
  <testcase classname="POM.LoginPage" name="Test16" time="2.048">
    <skipped/>
  </testcase> <!-- Test16 -->
  <testcase classname="POM.LoginPage" name="Test18" time="5.725"/>
  <testcase classname="POM.LoginPage" name="Test18" time="5.554"/>
  <testcase classname="POM.LoginPage" name="Test18" time="5.332"/>
  <testcase classname="Base.BaseTest1" name="@BeforeSuite setUp" time="0.0">
    <ignored/>
  </testcase> <!-- @BeforeSuite setUp -->
  <testcase classname="POM.RegistrationPage" name="Test1" time="0.0">
    <ignored/>
  </testcase> <!-- Test1 -->
  <testcase classname="Base.BaseTest1" name="@AfterSuite teardown" time="0.0">
    <ignored/>
  </testcase> <!-- @AfterSuite teardown -->
  <testcase classname="POM.LoginPage" name="Test17" time="0.0">
    <ignored/>
  </testcase> <!-- Test17 -->
</testsuite> <!-- TestDemo -->
