<?xml version="1.0" encoding="UTF-8"?>
<!-- Generated by org.testng.reporters.JUnitXMLReporter -->
<testsuite ignored="2" hostname="DESKTOP-833K0R4" failures="0" tests="2" name="GRP-regression" time="0.073" errors="0" timestamp="2023-01-28T23:01:34 IST">
  <testcase classname="ui.GroupTestDemo" name="test1" time="0.014"/>
  <testcase classname="ui.GroupTestDemo" name="test3" time="0.002"/>
  <testcase classname="ui.GroupTestDemo" name="test2" time="0.0">
    <ignored/>
  </testcase> <!-- test2 -->
  <testcase classname="ui.GroupTestDemo" name="test4" time="0.0">
    <ignored/>
  </testcase> <!-- test4 -->
</testsuite> <!-- GRP-regression -->
