<?xml version="1.0" encoding="UTF-8"?>
<!-- Generated by org.testng.reporters.JUnitXMLReporter -->
<testsuite ignored="1" hostname="DESKTOP-833K0R4" failures="0" tests="3" name="GRP-retest" time="0.098" errors="0" timestamp="2023-01-28T23:01:03 IST">
  <testcase classname="ui.GroupTestDemo" name="test2" time="0.019"/>
  <testcase classname="ui.GroupTestDemo" name="test3" time="0.002"/>
  <testcase classname="ui.GroupTestDemo" name="test4" time="0.003"/>
  <testcase classname="ui.GroupTestDemo" name="test1" time="0.0">
    <ignored/>
  </testcase> <!-- test1 -->
</testsuite> <!-- GRP-retest -->
