<?xml version="1.0" encoding="UTF-8"?>
<!-- Generated by org.testng.reporters.JUnitXMLReporter -->
<testsuite ignored="0" hostname="DESKTOP-833K0R4" failures="0" tests="8" name="Functional Testing" time="13.371" errors="0" timestamp="2023-01-28T23:16:19 IST">
  <testcase classname="ui.LoginTest" name="Logintest" time="0.013"/>
  <testcase classname="ui.LoginTest" name="logouttest" time="0.003"/>
  <testcase classname="ui.VerifyTitleTest" name="titleTest" time="9.337"/>
  <testcase classname="ui.SoftAssertTest" name="softassert" time="3.897"/>
  <testcase classname="ui.GroupTestDemo" name="test1" time="0.002"/>
  <testcase classname="ui.GroupTestDemo" name="test2" time="0.003"/>
  <testcase classname="ui.GroupTestDemo" name="test3" time="0.008"/>
  <testcase classname="ui.GroupTestDemo" name="test4" time="0.002"/>
</testsuite> <!-- Functional Testing -->
