<?xml version="1.0" encoding="UTF-8"?>
<!-- Generated by org.testng.reporters.JUnitXMLReporter -->
<testsuite ignored="1" hostname="DESKTOP-2HP8E8B" failures="0" tests="14" name="Default test" time="68.707" errors="0" timestamp="2023-08-28T12:43:45 IST">
  <testcase classname="POM.LoginPage" name="Test13" time="5.34"/>
  <testcase classname="POM.LoginPage" name="Test13" time="4.744"/>
  <testcase classname="POM.LoginPage" name="Test13" time="4.831"/>
  <testcase classname="POM.LoginPage" name="Test13" time="5.03"/>
  <testcase classname="POM.LoginPage" name="Test13" time="5.222"/>
  <testcase classname="POM.LoginPage" name="Test13" time="5.097"/>
  <testcase classname="POM.LoginPage" name="Test14" time="13.187"/>
  <testcase classname="POM.LoginPage" name="Test15" time="2.082">
    <skipped/>
  </testcase> <!-- Test15 -->
  <testcase classname="POM.LoginPage" name="Test16" time="2.047">
    <skipped/>
  </testcase> <!-- Test16 -->
  <testcase classname="POM.LoginPage" name="Test16" time="2.041">
    <skipped/>
  </testcase> <!-- Test16 -->
  <testcase classname="POM.LoginPage" name="Test16" time="2.048">
    <skipped/>
  </testcase> <!-- Test16 -->
  <testcase classname="POM.LoginPage" name="Test18" time="5.69"/>
  <testcase classname="POM.LoginPage" name="Test18" time="5.562"/>
  <testcase classname="POM.LoginPage" name="Test18" time="5.573"/>
  <testcase classname="POM.LoginPage" name="Test17" time="0.0">
    <ignored/>
  </testcase> <!-- Test17 -->
</testsuite> <!-- Default test -->
