<?xml version="1.0" encoding="UTF-8"?>
<!-- Generated by org.testng.reporters.JUnitXMLReporter -->
<testsuite ignored="1" hostname="DESKTOP-2HP8E8B" failures="0" tests="14" name="Default test" time="66.948" errors="0" timestamp="2023-10-08T13:10:41 IST">
  <testcase classname="POM.LoginPage" name="Test13" time="4.937"/>
  <testcase classname="POM.LoginPage" name="Test13" time="4.656"/>
  <testcase classname="POM.LoginPage" name="Test13" time="4.96"/>
  <testcase classname="POM.LoginPage" name="Test13" time="5.316"/>
  <testcase classname="POM.LoginPage" name="Test13" time="4.855"/>
  <testcase classname="POM.LoginPage" name="Test13" time="5.295"/>
  <testcase classname="POM.LoginPage" name="Test14" time="11.43"/>
  <testcase classname="POM.LoginPage" name="Test15" time="2.084">
    <skipped/>
  </testcase> <!-- Test15 -->
  <testcase classname="POM.LoginPage" name="Test16" time="2.05">
    <skipped/>
  </testcase> <!-- Test16 -->
  <testcase classname="POM.LoginPage" name="Test16" time="2.044">
    <skipped/>
  </testcase> <!-- Test16 -->
  <testcase classname="POM.LoginPage" name="Test16" time="2.042">
    <skipped/>
  </testcase> <!-- Test16 -->
  <testcase classname="POM.LoginPage" name="Test18" time="5.807"/>
  <testcase classname="POM.LoginPage" name="Test18" time="5.619"/>
  <testcase classname="POM.LoginPage" name="Test18" time="5.586"/>
  <testcase classname="POM.LoginPage" name="Test17" time="0.0">
    <ignored/>
  </testcase> <!-- Test17 -->
</testsuite> <!-- Default test -->
